{"numFailedTestSuites":2,"numFailedTests":4,"numPassedTestSuites":0,"numPassedTests":0,"numPendingTestSuites":0,"numPendingTests":0,"numRuntimeErrorTestSuites":2,"numTodoTests":0,"numTotalTestSuites":2,"numTotalTests":4,"openHandles":[],"snapshot":{"added":0,"didUpdate":false,"failure":false,"filesAdded":0,"filesRemoved":0,"filesRemovedList":[],"filesUnmatched":0,"filesUpdated":0,"matched":0,"total":0,"unchecked":0,"uncheckedKeysByFile":[],"unmatched":0,"updated":0},"startTime":1711095489061,"success":false,"testResults":[{"assertionResults":[{"ancestorTitles":["AppController (e2e)"],"duration":1458,"failureDetails":[{"errno":-4078,"code":"ECONNREFUSED","syscall":"connect","address":"127.0.0.1","port":5432}],"failureMessages":["Error: connect ECONNREFUSED 127.0.0.1:5432\n    at TCPConnectWrap.afterConnect [as oncomplete] (node:net:1278:16)"],"fullName":"AppController (e2e) / (GET)","invocations":1,"location":null,"numPassingAsserts":0,"retryReasons":[],"status":"failed","title":"/ (GET)"},{"ancestorTitles":["AppController (e2e)"],"duration":8,"failureDetails":[{"errno":-4078,"code":"ECONNREFUSED","syscall":"connect","address":"127.0.0.1","port":5432}],"failureMessages":["Error: connect ECONNREFUSED 127.0.0.1:5432\n    at TCPConnectWrap.afterConnect [as oncomplete] (node:net:1278:16)"],"fullName":"AppController (e2e) Select from dataSource","invocations":1,"location":null,"numPassingAsserts":0,"retryReasons":[],"status":"failed","title":"Select from dataSource"}],"coverage":{},"endTime":1711095502618,"message":"\u001b[1m\u001b[31m  \u001b[1m● \u001b[22m\u001b[1mAppController (e2e) › / (GET)\u001b[39m\u001b[22m\n\n    connect ECONNREFUSED 127.0.0.1:5432\n\u001b[2m\u001b[22m\n\u001b[2m\u001b[22m\n\n\u001b[1m\u001b[31m  \u001b[1m● \u001b[22m\u001b[1mAppController (e2e) › Select from dataSource\u001b[39m\u001b[22m\n\n    connect ECONNREFUSED 127.0.0.1:5432\n\u001b[2m\u001b[22m\n\u001b[2m\u001b[22m\n\n\n  \u001b[1m● \u001b[22mTest suite failed to run\n\n    TypeError: Cannot read properties of undefined (reading 'destroy')\n\n    \u001b[0m \u001b[90m 46 |\u001b[39m\u001b[0m\n    \u001b[0m \u001b[90m 47 |\u001b[39m   afterAll(\u001b[36masync\u001b[39m () \u001b[33m=>\u001b[39m {\u001b[0m\n    \u001b[0m\u001b[31m\u001b[1m>\u001b[22m\u001b[39m\u001b[90m 48 |\u001b[39m     \u001b[36mawait\u001b[39m dataSource\u001b[33m.\u001b[39mdestroy()\u001b[33m;\u001b[39m\u001b[0m\n    \u001b[0m \u001b[90m    |\u001b[39m                      \u001b[31m\u001b[1m^\u001b[22m\u001b[39m\u001b[0m\n    \u001b[0m \u001b[90m 49 |\u001b[39m     \u001b[36mawait\u001b[39m app\u001b[33m.\u001b[39mclose()\u001b[33m;\u001b[39m\u001b[0m\n    \u001b[0m \u001b[90m 50 |\u001b[39m   })\u001b[33m;\u001b[39m\u001b[0m\n    \u001b[0m \u001b[90m 51 |\u001b[39m })\u001b[33m;\u001b[39m\u001b[0m\n\n      \u001b[2mat Object.<anonymous> (\u001b[22mapp.e2e-spec.ts\u001b[2m:48:22)\u001b[22m\n","name":"D:\\project\\actions-test\\actions-test\\test\\app.e2e-spec.ts","startTime":1711095502618,"status":"failed","summary":""},{"assertionResults":[{"ancestorTitles":["ResController (e2e)"],"duration":1457,"failureDetails":[{"errno":-4078,"code":"ECONNREFUSED","syscall":"connect","address":"127.0.0.1","port":5432}],"failureMessages":["Error: connect ECONNREFUSED 127.0.0.1:5432\n    at TCPConnectWrap.afterConnect [as oncomplete] (node:net:1278:16)"],"fullName":"ResController (e2e) / (GET)","invocations":1,"location":null,"numPassingAsserts":0,"retryReasons":[],"status":"failed","title":"/ (GET)"},{"ancestorTitles":["ResController (e2e)"],"duration":7,"failureDetails":[{"errno":-4078,"code":"ECONNREFUSED","syscall":"connect","address":"127.0.0.1","port":5432}],"failureMessages":["Error: connect ECONNREFUSED 127.0.0.1:5432\n    at TCPConnectWrap.afterConnect [as oncomplete] (node:net:1278:16)"],"fullName":"ResController (e2e) Select from dataSource","invocations":1,"location":null,"numPassingAsserts":0,"retryReasons":[],"status":"failed","title":"Select from dataSource"}],"coverage":{},"endTime":1711095502618,"message":"\u001b[1m\u001b[31m  \u001b[1m● \u001b[22m\u001b[1mResController (e2e) › / (GET)\u001b[39m\u001b[22m\n\n    connect ECONNREFUSED 127.0.0.1:5432\n\u001b[2m\u001b[22m\n\u001b[2m\u001b[22m\n\n\u001b[1m\u001b[31m  \u001b[1m● \u001b[22m\u001b[1mResController (e2e) › Select from dataSource\u001b[39m\u001b[22m\n\n    connect ECONNREFUSED 127.0.0.1:5432\n\u001b[2m\u001b[22m\n\u001b[2m\u001b[22m\n\n\n  \u001b[1m● \u001b[22mTest suite failed to run\n\n    TypeError: Cannot read properties of undefined (reading 'destroy')\n\n    \u001b[0m \u001b[90m 46 |\u001b[39m\u001b[0m\n    \u001b[0m \u001b[90m 47 |\u001b[39m   afterAll(\u001b[36masync\u001b[39m () \u001b[33m=>\u001b[39m {\u001b[0m\n    \u001b[0m\u001b[31m\u001b[1m>\u001b[22m\u001b[39m\u001b[90m 48 |\u001b[39m     \u001b[36mawait\u001b[39m dataSource\u001b[33m.\u001b[39mdestroy()\u001b[33m;\u001b[39m\u001b[0m\n    \u001b[0m \u001b[90m    |\u001b[39m                      \u001b[31m\u001b[1m^\u001b[22m\u001b[39m\u001b[0m\n    \u001b[0m \u001b[90m 49 |\u001b[39m     \u001b[36mawait\u001b[39m \u001b[33mRes\u001b[39m\u001b[33m.\u001b[39mclose()\u001b[33m;\u001b[39m\u001b[0m\n    \u001b[0m \u001b[90m 50 |\u001b[39m   })\u001b[33m;\u001b[39m\u001b[0m\n    \u001b[0m \u001b[90m 51 |\u001b[39m })\u001b[33m;\u001b[39m\u001b[0m\n\n      \u001b[2mat Object.<anonymous> (\u001b[22mres.e2e-spec.ts\u001b[2m:48:22)\u001b[22m\n","name":"D:\\project\\actions-test\\actions-test\\test\\res.e2e-spec.ts","startTime":1711095502618,"status":"failed","summary":""}],"wasInterrupted":false}
